BattleSystem.obj : error LNK2019: nierozpoznany symbol zewnętrzny "__declspec(dllimport) class sf::Time __cdecl sf::seconds(float)" (__imp_?seconds@sf@@YA?AVTime@1@M@Z) przywołany w funkcji "public: void __cdecl PlayerMenuOutput::printOut(class std::basic_string<char,struct std::char_traits<char>,class std::allocator<char> >,class PlayerMenuBattleScene &)" (?printOut@PlayerMenuOutput@@QEAAXV?$basic_string@DU?$char_traits@D@std@@V?$allocator@D@2@@std@@AEAVPlayerMenuBattleScene@@@Z)
Player.obj : error LNK2001: nierozpoznany symbol zewnętrzny "__declspec(dllimport) class sf::Time __cdecl sf::seconds(float)" (__imp_?seconds@sf@@YA?AVTime@1@M@Z)
BattleSystem.obj : error LNK2019: nierozpoznany symbol zewnętrzny "__declspec(dllimport) void __cdecl sf::sleep(class sf::Time)" (__imp_?sleep@sf@@YAXVTime@1@@Z) przywołany w funkcji "public: void __cdecl PlayerMenuOutput::printOut(class std::basic_string<char,struct std::char_traits<char>,class std::allocator<char> >,class PlayerMenuBattleScene &)" (?printOut@PlayerMenuOutput@@QEAAXV?$basic_string@DU?$char_traits@D@std@@V?$allocator@D@2@@std@@AEAVPlayerMenuBattleScene@@@Z)
Player.obj : error LNK2001: nierozpoznany symbol zewnętrzny "__declspec(dllimport) void __cdecl sf::sleep(class sf::Time)" (__imp_?sleep@sf@@YAXVTime@1@@Z)
TextBoxBase.obj : error LNK2001: nierozpoznany symbol zewnętrzny "__declspec(dllimport) public: __cdecl sf::String::String(class std::basic_string<char,struct std::char_traits<char>,class std::allocator<char> > const &,class std::locale const &)" (__imp_??0String@sf@@QEAA@AEBV?$basic_string@DU?$char_traits@D@std@@V?$allocator@D@2@@std@@AEBVlocale@3@@Z)
Player.obj : error LNK2001: nierozpoznany symbol zewnętrzny "__declspec(dllimport) public: __cdecl sf::String::String(class std::basic_string<char,struct std::char_traits<char>,class std::allocator<char> > const &,class std::locale const &)" (__imp_??0String@sf@@QEAA@AEBV?$basic_string@DU?$char_traits@D@std@@V?$allocator@D@2@@std@@AEBVlocale@3@@Z)
BattleSystem.obj : error LNK2001: nierozpoznany symbol zewnętrzny "__declspec(dllimport) public: __cdecl sf::String::String(class std::basic_string<char,struct std::char_traits<char>,class std::allocator<char> > const &,class std::locale const &)" (__imp_??0String@sf@@QEAA@AEBV?$basic_string@DU?$char_traits@D@std@@V?$allocator@D@2@@std@@AEBVlocale@3@@Z)
PlayerMenuActions.obj : error LNK2001: nierozpoznany symbol zewnętrzny "__declspec(dllimport) public: __cdecl sf::String::String(class std::basic_string<char,struct std::char_traits<char>,class std::allocator<char> > const &,class std::locale const &)" (__imp_??0String@sf@@QEAA@AEBV?$basic_string@DU?$char_traits@D@std@@V?$allocator@D@2@@std@@AEBVlocale@3@@Z)
PlayerMenuBattleScene.obj : error LNK2001: nierozpoznany symbol zewnętrzny "__declspec(dllimport) public: __cdecl sf::String::String(class std::basic_string<char,struct std::char_traits<char>,class std::allocator<char> > const &,class std::locale const &)" (__imp_??0String@sf@@QEAA@AEBV?$basic_string@DU?$char_traits@D@std@@V?$allocator@D@2@@std@@AEBVlocale@3@@Z)
PlayerMenuMoves.obj : error LNK2001: nierozpoznany symbol zewnętrzny "__declspec(dllimport) public: __cdecl sf::String::String(class std::basic_string<char,struct std::char_traits<char>,class std::allocator<char> > const &,class std::locale const &)" (__imp_??0String@sf@@QEAA@AEBV?$basic_string@DU?$char_traits@D@std@@V?$allocator@D@2@@std@@AEBVlocale@3@@Z)
TextBoxBase.obj : error LNK2001: nierozpoznany symbol zewnętrzny "__declspec(dllimport) public: __cdecl sf::String::~String(void)" (__imp_??1String@sf@@QEAA@XZ)
GUI.obj : error LNK2001: nierozpoznany symbol zewnętrzny "__declspec(dllimport) public: __cdecl sf::String::~String(void)" (__imp_??1String@sf@@QEAA@XZ)
Player.obj : error LNK2001: nierozpoznany symbol zewnętrzny "__declspec(dllimport) public: __cdecl sf::String::~String(void)" (__imp_??1String@sf@@QEAA@XZ)
BattleSystem.obj : error LNK2001: nierozpoznany symbol zewnętrzny "__declspec(dllimport) public: __cdecl sf::String::~String(void)" (__imp_??1String@sf@@QEAA@XZ)
PlayerMenuActions.obj : error LNK2001: nierozpoznany symbol zewnętrzny "__declspec(dllimport) public: __cdecl sf::String::~String(void)" (__imp_??1String@sf@@QEAA@XZ)
PlayerMenuBattleScene.obj : error LNK2001: nierozpoznany symbol zewnętrzny "__declspec(dllimport) public: __cdecl sf::String::~String(void)" (__imp_??1String@sf@@QEAA@XZ)
PlayerMenuMoves.obj : error LNK2001: nierozpoznany symbol zewnętrzny "__declspec(dllimport) public: __cdecl sf::String::~String(void)" (__imp_??1String@sf@@QEAA@XZ)
BattleSystem.obj : error LNK2019: nierozpoznany symbol zewnętrzny "__declspec(dllimport) public: void __cdecl sf::Window::close(void)" (__imp_?close@Window@sf@@QEAAXXZ) przywołany w funkcji "public: void __cdecl BattleSystem::setup(class Player &,class Enemy &)" (?setup@BattleSystem@@QEAAXAEAVPlayer@@AEAVEnemy@@@Z)
GUI.obj : error LNK2001: nierozpoznany symbol zewnętrzny "__declspec(dllimport) public: void __cdecl sf::Window::close(void)" (__imp_?close@Window@sf@@QEAAXXZ)
main.obj : error LNK2001: nierozpoznany symbol zewnętrzny "__declspec(dllimport) public: void __cdecl sf::Window::close(void)" (__imp_?close@Window@sf@@QEAAXXZ)
Player.obj : error LNK2001: nierozpoznany symbol zewnętrzny "__declspec(dllimport) public: void __cdecl sf::Window::close(void)" (__imp_?close@Window@sf@@QEAAXXZ)
BattleSystem.obj : error LNK2019: nierozpoznany symbol zewnętrzny "__declspec(dllimport) public: bool __cdecl sf::Window::isOpen(void)const " (__imp_?isOpen@Window@sf@@QEBA_NXZ) przywołany w funkcji "public: int __cdecl BattleSystem::battle(class Player &,class Enemy &)" (?battle@BattleSystem@@QEAAHAEAVPlayer@@AEAVEnemy@@@Z)
GUI.obj : error LNK2001: nierozpoznany symbol zewnętrzny "__declspec(dllimport) public: bool __cdecl sf::Window::isOpen(void)const " (__imp_?isOpen@Window@sf@@QEBA_NXZ)
Player.obj : error LNK2001: nierozpoznany symbol zewnętrzny "__declspec(dllimport) public: bool __cdecl sf::Window::isOpen(void)const " (__imp_?isOpen@Window@sf@@QEBA_NXZ)
BattleSystem.obj : error LNK2019: nierozpoznany symbol zewnętrzny "__declspec(dllimport) public: bool __cdecl sf::Window::pollEvent(class sf::Event &)" (__imp_?pollEvent@Window@sf@@QEAA_NAEAVEvent@2@@Z) przywołany w funkcji "public: void __cdecl BattleSystem::setup(class Player &,class Enemy &)" (?setup@BattleSystem@@QEAAXAEAVPlayer@@AEAVEnemy@@@Z)
GUI.obj : error LNK2001: nierozpoznany symbol zewnętrzny "__declspec(dllimport) public: bool __cdecl sf::Window::pollEvent(class sf::Event &)" (__imp_?pollEvent@Window@sf@@QEAA_NAEAVEvent@2@@Z)
Player.obj : error LNK2001: nierozpoznany symbol zewnętrzny "__declspec(dllimport) public: bool __cdecl sf::Window::pollEvent(class sf::Event &)" (__imp_?pollEvent@Window@sf@@QEAA_NAEAVEvent@2@@Z)
BattleSystem.obj : error LNK2019: nierozpoznany symbol zewnętrzny "__declspec(dllimport) public: void __cdecl sf::Window::display(void)" (__imp_?display@Window@sf@@QEAAXXZ) przywołany w funkcji "public: void __cdecl PlayerMenuOutput::printOut(class std::basic_string<char,struct std::char_traits<char>,class std::allocator<char> >,class PlayerMenuBattleScene &)" (?printOut@PlayerMenuOutput@@QEAAXV?$basic_string@DU?$char_traits@D@std@@V?$allocator@D@2@@std@@AEAVPlayerMenuBattleScene@@@Z)
GUI.obj : error LNK2001: nierozpoznany symbol zewnętrzny "__declspec(dllimport) public: void __cdecl sf::Window::display(void)" (__imp_?display@Window@sf@@QEAAXXZ)
Player.obj : error LNK2001: nierozpoznany symbol zewnętrzny "__declspec(dllimport) public: void __cdecl sf::Window::display(void)" (__imp_?display@Window@sf@@QEAAXXZ)
TextBoxBase.obj : error LNK2001: nierozpoznany symbol zewnętrzny "__declspec(dllimport) public: virtual __cdecl sf::Drawable::~Drawable(void)" (__imp_??1Drawable@sf@@UEAA@XZ)
GUI.obj : error LNK2001: nierozpoznany symbol zewnętrzny "__declspec(dllimport) public: virtual __cdecl sf::Drawable::~Drawable(void)" (__imp_??1Drawable@sf@@UEAA@XZ)
Player.obj : error LNK2001: nierozpoznany symbol zewnętrzny "__declspec(dllimport) public: virtual __cdecl sf::Drawable::~Drawable(void)" (__imp_??1Drawable@sf@@UEAA@XZ)
PlayerMenu.obj : error LNK2001: nierozpoznany symbol zewnętrzny "__declspec(dllimport) public: virtual __cdecl sf::Drawable::~Drawable(void)" (__imp_??1Drawable@sf@@UEAA@XZ)
BattleSystem.obj : error LNK2001: nierozpoznany symbol zewnętrzny "__declspec(dllimport) public: virtual __cdecl sf::Drawable::~Drawable(void)" (__imp_??1Drawable@sf@@UEAA@XZ)
PlayerMenuActions.obj : error LNK2001: nierozpoznany symbol zewnętrzny "__declspec(dllimport) public: virtual __cdecl sf::Drawable::~Drawable(void)" (__imp_??1Drawable@sf@@UEAA@XZ)
PlayerMenuBattleScene.obj : error LNK2001: nierozpoznany symbol zewnętrzny "__declspec(dllimport) public: virtual __cdecl sf::Drawable::~Drawable(void)" (__imp_??1Drawable@sf@@UEAA@XZ)
PlayerMenuMoves.obj : error LNK2001: nierozpoznany symbol zewnętrzny "__declspec(dllimport) public: virtual __cdecl sf::Drawable::~Drawable(void)" (__imp_??1Drawable@sf@@UEAA@XZ)
BattleSystem.obj : error LNK2019: nierozpoznany symbol zewnętrzny "__declspec(dllimport) public: __cdecl sf::Drawable::Drawable(void)" (__imp_??0Drawable@sf@@QEAA@XZ) przywołany w funkcji "public: __cdecl PlayerMenuOutput::PlayerMenuOutput(int,int,int)" (??0PlayerMenuOutput@@QEAA@HHH@Z)
PlayerMenuBattleScene.obj : error LNK2001: nierozpoznany symbol zewnętrzny "__declspec(dllimport) public: __cdecl sf::Drawable::Drawable(void)" (__imp_??0Drawable@sf@@QEAA@XZ)
TextBoxBase.obj : error LNK2001: nierozpoznany symbol zewnętrzny "__declspec(dllimport) public: __cdecl sf::Drawable::Drawable(void)" (__imp_??0Drawable@sf@@QEAA@XZ)
PlayerMenu.obj : error LNK2001: nierozpoznany symbol zewnętrzny "__declspec(dllimport) public: __cdecl sf::Drawable::Drawable(void)" (__imp_??0Drawable@sf@@QEAA@XZ)
Player.obj : error LNK2001: nierozpoznany symbol zewnętrzny "__declspec(dllimport) public: void __cdecl sf::Transformable::setPosition(float,float)" (__imp_?setPosition@Transformable@sf@@QEAAXMM@Z)
PlayerMenu.obj : error LNK2001: nierozpoznany symbol zewnętrzny "__declspec(dllimport) public: void __cdecl sf::Transformable::setPosition(float,float)" (__imp_?setPosition@Transformable@sf@@QEAAXMM@Z)
BattleSystem.obj : error LNK2001: nierozpoznany symbol zewnętrzny "__declspec(dllimport) public: void __cdecl sf::Transformable::setPosition(float,float)" (__imp_?setPosition@Transformable@sf@@QEAAXMM@Z)
PlayerMenuActions.obj : error LNK2001: nierozpoznany symbol zewnętrzny "__declspec(dllimport) public: void __cdecl sf::Transformable::setPosition(float,float)" (__imp_?setPosition@Transformable@sf@@QEAAXMM@Z)
PlayerMenuMoves.obj : error LNK2001: nierozpoznany symbol zewnętrzny "__declspec(dllimport) public: void __cdecl sf::Transformable::setPosition(float,float)" (__imp_?setPosition@Transformable@sf@@QEAAXMM@Z)
GUI.obj : error LNK2001: nierozpoznany symbol zewnętrzny "__declspec(dllimport) public: void __cdecl sf::Transformable::setPosition(float,float)" (__imp_?setPosition@Transformable@sf@@QEAAXMM@Z)
TextBoxBase.obj : error LNK2001: nierozpoznany symbol zewnętrzny "__declspec(dllimport) public: void __cdecl sf::Transformable::setPosition(class sf::Vector2<float> const &)" (__imp_?setPosition@Transformable@sf@@QEAAXAEBV?$Vector2@M@2@@Z)
GUI.obj : error LNK2001: nierozpoznany symbol zewnętrzny "__declspec(dllimport) public: void __cdecl sf::Transformable::setPosition(class sf::Vector2<float> const &)" (__imp_?setPosition@Transformable@sf@@QEAAXAEBV?$Vector2@M@2@@Z)
Player.obj : error LNK2001: nierozpoznany symbol zewnętrzny "__declspec(dllimport) public: void __cdecl sf::Transformable::setPosition(class sf::Vector2<float> const &)" (__imp_?setPosition@Transformable@sf@@QEAAXAEBV?$Vector2@M@2@@Z)
BattleSystem.obj : error LNK2001: nierozpoznany symbol zewnętrzny "__declspec(dllimport) public: void __cdecl sf::Transformable::setPosition(class sf::Vector2<float> const &)" (__imp_?setPosition@Transformable@sf@@QEAAXAEBV?$Vector2@M@2@@Z)
PlayerMenuActions.obj : error LNK2001: nierozpoznany symbol zewnętrzny "__declspec(dllimport) public: void __cdecl sf::Transformable::setPosition(class sf::Vector2<float> const &)" (__imp_?setPosition@Transformable@sf@@QEAAXAEBV?$Vector2@M@2@@Z)
PlayerMenuBattleScene.obj : error LNK2001: nierozpoznany symbol zewnętrzny "__declspec(dllimport) public: void __cdecl sf::Transformable::setPosition(class sf::Vector2<float> const &)" (__imp_?setPosition@Transformable@sf@@QEAAXAEBV?$Vector2@M@2@@Z)
PlayerMenuMoves.obj : error LNK2001: nierozpoznany symbol zewnętrzny "__declspec(dllimport) public: void __cdecl sf::Transformable::setPosition(class sf::Vector2<float> const &)" (__imp_?setPosition@Transformable@sf@@QEAAXAEBV?$Vector2@M@2@@Z)
GUI.obj : error LNK2001: nierozpoznany symbol zewnętrzny "__declspec(dllimport) public: void __cdecl sf::Transformable::setOrigin(float,float)" (__imp_?setOrigin@Transformable@sf@@QEAAXMM@Z)
Player.obj : error LNK2001: nierozpoznany symbol zewnętrzny "__declspec(dllimport) public: void __cdecl sf::Transformable::setOrigin(float,float)" (__imp_?setOrigin@Transformable@sf@@QEAAXMM@Z)
BattleSystem.obj : error LNK2001: nierozpoznany symbol zewnętrzny "__declspec(dllimport) public: void __cdecl sf::Transformable::setOrigin(float,float)" (__imp_?setOrigin@Transformable@sf@@QEAAXMM@Z)
PlayerMenuActions.obj : error LNK2001: nierozpoznany symbol zewnętrzny "__declspec(dllimport) public: void __cdecl sf::Transformable::setOrigin(float,float)" (__imp_?setOrigin@Transformable@sf@@QEAAXMM@Z)
PlayerMenuBattleScene.obj : error LNK2001: nierozpoznany symbol zewnętrzny "__declspec(dllimport) public: void __cdecl sf::Transformable::setOrigin(float,float)" (__imp_?setOrigin@Transformable@sf@@QEAAXMM@Z)
PlayerMenuMoves.obj : error LNK2001: nierozpoznany symbol zewnętrzny "__declspec(dllimport) public: void __cdecl sf::Transformable::setOrigin(float,float)" (__imp_?setOrigin@Transformable@sf@@QEAAXMM@Z)
TextBoxBase.obj : error LNK2001: nierozpoznany symbol zewnętrzny "__declspec(dllimport) public: class sf::Vector2<float> const & __cdecl sf::Transformable::getPosition(void)const " (__imp_?getPosition@Transformable@sf@@QEBAAEBV?$Vector2@M@2@XZ)
GUI.obj : error LNK2001: nierozpoznany symbol zewnętrzny "__declspec(dllimport) public: class sf::Vector2<float> const & __cdecl sf::Transformable::getPosition(void)const " (__imp_?getPosition@Transformable@sf@@QEBAAEBV?$Vector2@M@2@XZ)
Player.obj : error LNK2001: nierozpoznany symbol zewnętrzny "__declspec(dllimport) public: class sf::Vector2<float> const & __cdecl sf::Transformable::getPosition(void)const " (__imp_?getPosition@Transformable@sf@@QEBAAEBV?$Vector2@M@2@XZ)
BattleSystem.obj : error LNK2001: nierozpoznany symbol zewnętrzny "__declspec(dllimport) public: class sf::Vector2<float> const & __cdecl sf::Transformable::getPosition(void)const " (__imp_?getPosition@Transformable@sf@@QEBAAEBV?$Vector2@M@2@XZ)
PlayerMenuActions.obj : error LNK2001: nierozpoznany symbol zewnętrzny "__declspec(dllimport) public: class sf::Vector2<float> const & __cdecl sf::Transformable::getPosition(void)const " (__imp_?getPosition@Transformable@sf@@QEBAAEBV?$Vector2@M@2@XZ)
PlayerMenuBattleScene.obj : error LNK2001: nierozpoznany symbol zewnętrzny "__declspec(dllimport) public: class sf::Vector2<float> const & __cdecl sf::Transformable::getPosition(void)const " (__imp_?getPosition@Transformable@sf@@QEBAAEBV?$Vector2@M@2@XZ)
PlayerMenuMoves.obj : error LNK2001: nierozpoznany symbol zewnętrzny "__declspec(dllimport) public: class sf::Vector2<float> const & __cdecl sf::Transformable::getPosition(void)const " (__imp_?getPosition@Transformable@sf@@QEBAAEBV?$Vector2@M@2@XZ)
TextBoxBase.obj : error LNK2001: nierozpoznany symbol zewnętrzny "__declspec(dllimport) public: __cdecl sf::Color::Color(unsigned char,unsigned char,unsigned char,unsigned char)" (__imp_??0Color@sf@@QEAA@EEEE@Z)
GUI.obj : error LNK2001: nierozpoznany symbol zewnętrzny "__declspec(dllimport) public: __cdecl sf::Color::Color(unsigned char,unsigned char,unsigned char,unsigned char)" (__imp_??0Color@sf@@QEAA@EEEE@Z)
Player.obj : error LNK2001: nierozpoznany symbol zewnętrzny "__declspec(dllimport) public: __cdecl sf::Color::Color(unsigned char,unsigned char,unsigned char,unsigned char)" (__imp_??0Color@sf@@QEAA@EEEE@Z)
PlayerMenu.obj : error LNK2001: nierozpoznany symbol zewnętrzny "__declspec(dllimport) public: __cdecl sf::Color::Color(unsigned char,unsigned char,unsigned char,unsigned char)" (__imp_??0Color@sf@@QEAA@EEEE@Z)
BattleSystem.obj : error LNK2001: nierozpoznany symbol zewnętrzny "__declspec(dllimport) public: __cdecl sf::Color::Color(unsigned char,unsigned char,unsigned char,unsigned char)" (__imp_??0Color@sf@@QEAA@EEEE@Z)
PlayerMenuActions.obj : error LNK2001: nierozpoznany symbol zewnętrzny "__declspec(dllimport) public: __cdecl sf::Color::Color(unsigned char,unsigned char,unsigned char,unsigned char)" (__imp_??0Color@sf@@QEAA@EEEE@Z)
PlayerMenuBattleScene.obj : error LNK2001: nierozpoznany symbol zewnętrzny "__declspec(dllimport) public: __cdecl sf::Color::Color(unsigned char,unsigned char,unsigned char,unsigned char)" (__imp_??0Color@sf@@QEAA@EEEE@Z)
PlayerMenuMoves.obj : error LNK2001: nierozpoznany symbol zewnętrzny "__declspec(dllimport) public: __cdecl sf::Color::Color(unsigned char,unsigned char,unsigned char,unsigned char)" (__imp_??0Color@sf@@QEAA@EEEE@Z)
TextBoxBase.obj : error LNK2001: nierozpoznany symbol zewnętrzny "__declspec(dllimport) public: void __cdecl sf::Shape::setFillColor(class sf::Color const &)" (__imp_?setFillColor@Shape@sf@@QEAAXAEBVColor@2@@Z)
GUI.obj : error LNK2001: nierozpoznany symbol zewnętrzny "__declspec(dllimport) public: void __cdecl sf::Shape::setFillColor(class sf::Color const &)" (__imp_?setFillColor@Shape@sf@@QEAAXAEBVColor@2@@Z)
Player.obj : error LNK2001: nierozpoznany symbol zewnętrzny "__declspec(dllimport) public: void __cdecl sf::Shape::setFillColor(class sf::Color const &)" (__imp_?setFillColor@Shape@sf@@QEAAXAEBVColor@2@@Z)
PlayerMenu.obj : error LNK2001: nierozpoznany symbol zewnętrzny "__declspec(dllimport) public: void __cdecl sf::Shape::setFillColor(class sf::Color const &)" (__imp_?setFillColor@Shape@sf@@QEAAXAEBVColor@2@@Z)
BattleSystem.obj : error LNK2001: nierozpoznany symbol zewnętrzny "__declspec(dllimport) public: void __cdecl sf::Shape::setFillColor(class sf::Color const &)" (__imp_?setFillColor@Shape@sf@@QEAAXAEBVColor@2@@Z)
PlayerMenuActions.obj : error LNK2001: nierozpoznany symbol zewnętrzny "__declspec(dllimport) public: void __cdecl sf::Shape::setFillColor(class sf::Color const &)" (__imp_?setFillColor@Shape@sf@@QEAAXAEBVColor@2@@Z)
PlayerMenuBattleScene.obj : error LNK2001: nierozpoznany symbol zewnętrzny "__declspec(dllimport) public: void __cdecl sf::Shape::setFillColor(class sf::Color const &)" (__imp_?setFillColor@Shape@sf@@QEAAXAEBVColor@2@@Z)
PlayerMenuMoves.obj : error LNK2001: nierozpoznany symbol zewnętrzny "__declspec(dllimport) public: void __cdecl sf::Shape::setFillColor(class sf::Color const &)" (__imp_?setFillColor@Shape@sf@@QEAAXAEBVColor@2@@Z)
PlayerMenu.obj : error LNK2001: nierozpoznany symbol zewnętrzny "__declspec(dllimport) public: __cdecl sf::Font::~Font(void)" (__imp_??1Font@sf@@QEAA@XZ)
TextBoxBase.obj : error LNK2001: nierozpoznany symbol zewnętrzny "__declspec(dllimport) public: __cdecl sf::Font::~Font(void)" (__imp_??1Font@sf@@QEAA@XZ)
GUI.obj : error LNK2001: nierozpoznany symbol zewnętrzny "__declspec(dllimport) public: __cdecl sf::Font::~Font(void)" (__imp_??1Font@sf@@QEAA@XZ)
main.obj : error LNK2001: nierozpoznany symbol zewnętrzny "__declspec(dllimport) public: __cdecl sf::Font::~Font(void)" (__imp_??1Font@sf@@QEAA@XZ)
Player.obj : error LNK2001: nierozpoznany symbol zewnętrzny "__declspec(dllimport) public: __cdecl sf::Font::~Font(void)" (__imp_??1Font@sf@@QEAA@XZ)
BattleSystem.obj : error LNK2001: nierozpoznany symbol zewnętrzny "__declspec(dllimport) public: __cdecl sf::Font::~Font(void)" (__imp_??1Font@sf@@QEAA@XZ)
PlayerMenuActions.obj : error LNK2001: nierozpoznany symbol zewnętrzny "__declspec(dllimport) public: __cdecl sf::Font::~Font(void)" (__imp_??1Font@sf@@QEAA@XZ)
PlayerMenuBattleScene.obj : error LNK2001: nierozpoznany symbol zewnętrzny "__declspec(dllimport) public: __cdecl sf::Font::~Font(void)" (__imp_??1Font@sf@@QEAA@XZ)
PlayerMenuMoves.obj : error LNK2001: nierozpoznany symbol zewnętrzny "__declspec(dllimport) public: __cdecl sf::Font::~Font(void)" (__imp_??1Font@sf@@QEAA@XZ)
BattleSystem.obj : error LNK2019: nierozpoznany symbol zewnętrzny "__declspec(dllimport) public: __cdecl sf::RectangleShape::RectangleShape(class sf::Vector2<float> const &)" (__imp_??0RectangleShape@sf@@QEAA@AEBV?$Vector2@M@1@@Z) przywołany w funkcji "public: __cdecl PlayerMenuOutput::PlayerMenuOutput(int,int,int)" (??0PlayerMenuOutput@@QEAA@HHH@Z)
PlayerMenuBattleScene.obj : error LNK2001: nierozpoznany symbol zewnętrzny "__declspec(dllimport) public: __cdecl sf::RectangleShape::RectangleShape(class sf::Vector2<float> const &)" (__imp_??0RectangleShape@sf@@QEAA@AEBV?$Vector2@M@1@@Z)
TextBoxBase.obj : error LNK2001: nierozpoznany symbol zewnętrzny "__declspec(dllimport) public: __cdecl sf::RectangleShape::RectangleShape(class sf::Vector2<float> const &)" (__imp_??0RectangleShape@sf@@QEAA@AEBV?$Vector2@M@1@@Z)
PlayerMenu.obj : error LNK2001: nierozpoznany symbol zewnętrzny "__declspec(dllimport) public: __cdecl sf::RectangleShape::RectangleShape(class sf::Vector2<float> const &)" (__imp_??0RectangleShape@sf@@QEAA@AEBV?$Vector2@M@1@@Z)
TextBoxBase.obj : error LNK2001: nierozpoznany symbol zewnętrzny "__declspec(dllimport) public: void __cdecl sf::RectangleShape::setSize(class sf::Vector2<float> const &)" (__imp_?setSize@RectangleShape@sf@@QEAAXAEBV?$Vector2@M@2@@Z)
GUI.obj : error LNK2001: nierozpoznany symbol zewnętrzny "__declspec(dllimport) public: void __cdecl sf::RectangleShape::setSize(class sf::Vector2<float> const &)" (__imp_?setSize@RectangleShape@sf@@QEAAXAEBV?$Vector2@M@2@@Z)
Player.obj : error LNK2001: nierozpoznany symbol zewnętrzny "__declspec(dllimport) public: void __cdecl sf::RectangleShape::setSize(class sf::Vector2<float> const &)" (__imp_?setSize@RectangleShape@sf@@QEAAXAEBV?$Vector2@M@2@@Z)
PlayerMenu.obj : error LNK2001: nierozpoznany symbol zewnętrzny "__declspec(dllimport) public: void __cdecl sf::RectangleShape::setSize(class sf::Vector2<float> const &)" (__imp_?setSize@RectangleShape@sf@@QEAAXAEBV?$Vector2@M@2@@Z)
BattleSystem.obj : error LNK2001: nierozpoznany symbol zewnętrzny "__declspec(dllimport) public: void __cdecl sf::RectangleShape::setSize(class sf::Vector2<float> const &)" (__imp_?setSize@RectangleShape@sf@@QEAAXAEBV?$Vector2@M@2@@Z)
PlayerMenuActions.obj : error LNK2001: nierozpoznany symbol zewnętrzny "__declspec(dllimport) public: void __cdecl sf::RectangleShape::setSize(class sf::Vector2<float> const &)" (__imp_?setSize@RectangleShape@sf@@QEAAXAEBV?$Vector2@M@2@@Z)
PlayerMenuBattleScene.obj : error LNK2001: nierozpoznany symbol zewnętrzny "__declspec(dllimport) public: void __cdecl sf::RectangleShape::setSize(class sf::Vector2<float> const &)" (__imp_?setSize@RectangleShape@sf@@QEAAXAEBV?$Vector2@M@2@@Z)
PlayerMenuMoves.obj : error LNK2001: nierozpoznany symbol zewnętrzny "__declspec(dllimport) public: void __cdecl sf::RectangleShape::setSize(class sf::Vector2<float> const &)" (__imp_?setSize@RectangleShape@sf@@QEAAXAEBV?$Vector2@M@2@@Z)
TextBoxBase.obj : error LNK2001: nierozpoznany symbol zewnętrzny "__declspec(dllimport) public: class sf::Vector2<float> const & __cdecl sf::RectangleShape::getSize(void)const " (__imp_?getSize@RectangleShape@sf@@QEBAAEBV?$Vector2@M@2@XZ)
GUI.obj : error LNK2001: nierozpoznany symbol zewnętrzny "__declspec(dllimport) public: class sf::Vector2<float> const & __cdecl sf::RectangleShape::getSize(void)const " (__imp_?getSize@RectangleShape@sf@@QEBAAEBV?$Vector2@M@2@XZ)
Player.obj : error LNK2001: nierozpoznany symbol zewnętrzny "__declspec(dllimport) public: class sf::Vector2<float> const & __cdecl sf::RectangleShape::getSize(void)const " (__imp_?getSize@RectangleShape@sf@@QEBAAEBV?$Vector2@M@2@XZ)
BattleSystem.obj : error LNK2001: nierozpoznany symbol zewnętrzny "__declspec(dllimport) public: class sf::Vector2<float> const & __cdecl sf::RectangleShape::getSize(void)const " (__imp_?getSize@RectangleShape@sf@@QEBAAEBV?$Vector2@M@2@XZ)
PlayerMenuActions.obj : error LNK2001: nierozpoznany symbol zewnętrzny "__declspec(dllimport) public: class sf::Vector2<float> const & __cdecl sf::RectangleShape::getSize(void)const " (__imp_?getSize@RectangleShape@sf@@QEBAAEBV?$Vector2@M@2@XZ)
PlayerMenuBattleScene.obj : error LNK2001: nierozpoznany symbol zewnętrzny "__declspec(dllimport) public: class sf::Vector2<float> const & __cdecl sf::RectangleShape::getSize(void)const " (__imp_?getSize@RectangleShape@sf@@QEBAAEBV?$Vector2@M@2@XZ)
PlayerMenuMoves.obj : error LNK2001: nierozpoznany symbol zewnętrzny "__declspec(dllimport) public: class sf::Vector2<float> const & __cdecl sf::RectangleShape::getSize(void)const " (__imp_?getSize@RectangleShape@sf@@QEBAAEBV?$Vector2@M@2@XZ)
TextBoxBase.obj : error LNK2001: nierozpoznany symbol zewnętrzny "__declspec(dllimport) public: virtual __cdecl sf::RectangleShape::~RectangleShape(void)" (__imp_??1RectangleShape@sf@@UEAA@XZ)
GUI.obj : error LNK2001: nierozpoznany symbol zewnętrzny "__declspec(dllimport) public: virtual __cdecl sf::RectangleShape::~RectangleShape(void)" (__imp_??1RectangleShape@sf@@UEAA@XZ)
Player.obj : error LNK2001: nierozpoznany symbol zewnętrzny "__declspec(dllimport) public: virtual __cdecl sf::RectangleShape::~RectangleShape(void)" (__imp_??1RectangleShape@sf@@UEAA@XZ)
PlayerMenu.obj : error LNK2001: nierozpoznany symbol zewnętrzny "__declspec(dllimport) public: virtual __cdecl sf::RectangleShape::~RectangleShape(void)" (__imp_??1RectangleShape@sf@@UEAA@XZ)
BattleSystem.obj : error LNK2001: nierozpoznany symbol zewnętrzny "__declspec(dllimport) public: virtual __cdecl sf::RectangleShape::~RectangleShape(void)" (__imp_??1RectangleShape@sf@@UEAA@XZ)
PlayerMenuActions.obj : error LNK2001: nierozpoznany symbol zewnętrzny "__declspec(dllimport) public: virtual __cdecl sf::RectangleShape::~RectangleShape(void)" (__imp_??1RectangleShape@sf@@UEAA@XZ)
PlayerMenuBattleScene.obj : error LNK2001: nierozpoznany symbol zewnętrzny "__declspec(dllimport) public: virtual __cdecl sf::RectangleShape::~RectangleShape(void)" (__imp_??1RectangleShape@sf@@UEAA@XZ)
PlayerMenuMoves.obj : error LNK2001: nierozpoznany symbol zewnętrzny "__declspec(dllimport) public: virtual __cdecl sf::RectangleShape::~RectangleShape(void)" (__imp_??1RectangleShape@sf@@UEAA@XZ)
BattleSystem.obj : error LNK2019: nierozpoznany symbol zewnętrzny "__declspec(dllimport) public: void __cdecl sf::RenderTarget::clear(class sf::Color const &)" (__imp_?clear@RenderTarget@sf@@QEAAXAEBVColor@2@@Z) przywołany w funkcji "public: void __cdecl PlayerMenuOutput::printOut(class std::basic_string<char,struct std::char_traits<char>,class std::allocator<char> >,class PlayerMenuBattleScene &)" (?printOut@PlayerMenuOutput@@QEAAXV?$basic_string@DU?$char_traits@D@std@@V?$allocator@D@2@@std@@AEAVPlayerMenuBattleScene@@@Z)
GUI.obj : error LNK2001: nierozpoznany symbol zewnętrzny "__declspec(dllimport) public: void __cdecl sf::RenderTarget::clear(class sf::Color const &)" (__imp_?clear@RenderTarget@sf@@QEAAXAEBVColor@2@@Z)
Player.obj : error LNK2001: nierozpoznany symbol zewnętrzny "__declspec(dllimport) public: void __cdecl sf::RenderTarget::clear(class sf::Color const &)" (__imp_?clear@RenderTarget@sf@@QEAAXAEBVColor@2@@Z)
    Wskazówki dla symboli, które są zdefiniowane i mogą potencjalnie pasować:
      "__declspec(dllimport) public: void __cdecl std::basic_ios<char,struct std::char_traits<char> >::clear(int,bool)" (__imp_?clear@?$basic_ios@DU?$char_traits@D@std@@@std@@QEAAXH_N@Z)
Player.obj : error LNK2001: nierozpoznany symbol zewnętrzny "__declspec(dllimport) public: void __cdecl sf::RenderTarget::draw(class sf::Drawable const &,class sf::RenderStates const &)" (__imp_?draw@RenderTarget@sf@@QEAAXAEBVDrawable@2@AEBVRenderStates@2@@Z)
PlayerMenu.obj : error LNK2001: nierozpoznany symbol zewnętrzny "__declspec(dllimport) public: void __cdecl sf::RenderTarget::draw(class sf::Drawable const &,class sf::RenderStates const &)" (__imp_?draw@RenderTarget@sf@@QEAAXAEBVDrawable@2@AEBVRenderStates@2@@Z)
BattleSystem.obj : error LNK2001: nierozpoznany symbol zewnętrzny "__declspec(dllimport) public: void __cdecl sf::RenderTarget::draw(class sf::Drawable const &,class sf::RenderStates const &)" (__imp_?draw@RenderTarget@sf@@QEAAXAEBVDrawable@2@AEBVRenderStates@2@@Z)
PlayerMenuBattleScene.obj : error LNK2001: nierozpoznany symbol zewnętrzny "__declspec(dllimport) public: void __cdecl sf::RenderTarget::draw(class sf::Drawable const &,class sf::RenderStates const &)" (__imp_?draw@RenderTarget@sf@@QEAAXAEBVDrawable@2@AEBVRenderStates@2@@Z)
TextBoxBase.obj : error LNK2001: nierozpoznany symbol zewnętrzny "__declspec(dllimport) public: void __cdecl sf::RenderTarget::draw(class sf::Drawable const &,class sf::RenderStates const &)" (__imp_?draw@RenderTarget@sf@@QEAAXAEBVDrawable@2@AEBVRenderStates@2@@Z)
GUI.obj : error LNK2001: nierozpoznany symbol zewnętrzny "__declspec(dllimport) public: void __cdecl sf::RenderTarget::draw(class sf::Drawable const &,class sf::RenderStates const &)" (__imp_?draw@RenderTarget@sf@@QEAAXAEBVDrawable@2@AEBVRenderStates@2@@Z)
PlayerMenu.obj : error LNK2001: nierozpoznany symbol zewnętrzny "__declspec(dllimport) public: virtual __cdecl sf::RenderWindow::~RenderWindow(void)" (__imp_??1RenderWindow@sf@@UEAA@XZ)
TextBoxBase.obj : error LNK2001: nierozpoznany symbol zewnętrzny "__declspec(dllimport) public: virtual __cdecl sf::RenderWindow::~RenderWindow(void)" (__imp_??1RenderWindow@sf@@UEAA@XZ)
GUI.obj : error LNK2001: nierozpoznany symbol zewnętrzny "__declspec(dllimport) public: virtual __cdecl sf::RenderWindow::~RenderWindow(void)" (__imp_??1RenderWindow@sf@@UEAA@XZ)
main.obj : error LNK2001: nierozpoznany symbol zewnętrzny "__declspec(dllimport) public: virtual __cdecl sf::RenderWindow::~RenderWindow(void)" (__imp_??1RenderWindow@sf@@UEAA@XZ)
Player.obj : error LNK2001: nierozpoznany symbol zewnętrzny "__declspec(dllimport) public: virtual __cdecl sf::RenderWindow::~RenderWindow(void)" (__imp_??1RenderWindow@sf@@UEAA@XZ)
BattleSystem.obj : error LNK2001: nierozpoznany symbol zewnętrzny "__declspec(dllimport) public: virtual __cdecl sf::RenderWindow::~RenderWindow(void)" (__imp_??1RenderWindow@sf@@UEAA@XZ)
PlayerMenuActions.obj : error LNK2001: nierozpoznany symbol zewnętrzny "__declspec(dllimport) public: virtual __cdecl sf::RenderWindow::~RenderWindow(void)" (__imp_??1RenderWindow@sf@@UEAA@XZ)
PlayerMenuBattleScene.obj : error LNK2001: nierozpoznany symbol zewnętrzny "__declspec(dllimport) public: virtual __cdecl sf::RenderWindow::~RenderWindow(void)" (__imp_??1RenderWindow@sf@@UEAA@XZ)
PlayerMenuMoves.obj : error LNK2001: nierozpoznany symbol zewnętrzny "__declspec(dllimport) public: virtual __cdecl sf::RenderWindow::~RenderWindow(void)" (__imp_??1RenderWindow@sf@@UEAA@XZ)
BattleSystem.obj : error LNK2019: nierozpoznany symbol zewnętrzny "__declspec(dllimport) public: __cdecl sf::Text::Text(void)" (__imp_??0Text@sf@@QEAA@XZ) przywołany w funkcji "public: __cdecl PlayerMenuOutput::PlayerMenuOutput(int,int,int)" (??0PlayerMenuOutput@@QEAA@HHH@Z)
PlayerMenuBattleScene.obj : error LNK2001: nierozpoznany symbol zewnętrzny "__declspec(dllimport) public: __cdecl sf::Text::Text(void)" (__imp_??0Text@sf@@QEAA@XZ)
TextBoxBase.obj : error LNK2001: nierozpoznany symbol zewnętrzny "__declspec(dllimport) public: __cdecl sf::Text::Text(void)" (__imp_??0Text@sf@@QEAA@XZ)
PlayerMenu.obj : error LNK2001: nierozpoznany symbol zewnętrzny "__declspec(dllimport) public: __cdecl sf::Text::Text(void)" (__imp_??0Text@sf@@QEAA@XZ)
TextBoxBase.obj : error LNK2001: nierozpoznany symbol zewnętrzny "__declspec(dllimport) public: void __cdecl sf::Text::setString(class sf::String const &)" (__imp_?setString@Text@sf@@QEAAXAEBVString@2@@Z)
Player.obj : error LNK2001: nierozpoznany symbol zewnętrzny "__declspec(dllimport) public: void __cdecl sf::Text::setString(class sf::String const &)" (__imp_?setString@Text@sf@@QEAAXAEBVString@2@@Z)
BattleSystem.obj : error LNK2001: nierozpoznany symbol zewnętrzny "__declspec(dllimport) public: void __cdecl sf::Text::setString(class sf::String const &)" (__imp_?setString@Text@sf@@QEAAXAEBVString@2@@Z)
PlayerMenuActions.obj : error LNK2001: nierozpoznany symbol zewnętrzny "__declspec(dllimport) public: void __cdecl sf::Text::setString(class sf::String const &)" (__imp_?setString@Text@sf@@QEAAXAEBVString@2@@Z)
PlayerMenuBattleScene.obj : error LNK2001: nierozpoznany symbol zewnętrzny "__declspec(dllimport) public: void __cdecl sf::Text::setString(class sf::String const &)" (__imp_?setString@Text@sf@@QEAAXAEBVString@2@@Z)
PlayerMenuMoves.obj : error LNK2001: nierozpoznany symbol zewnętrzny "__declspec(dllimport) public: void __cdecl sf::Text::setString(class sf::String const &)" (__imp_?setString@Text@sf@@QEAAXAEBVString@2@@Z)
TextBoxBase.obj : error LNK2001: nierozpoznany symbol zewnętrzny "__declspec(dllimport) public: void __cdecl sf::Text::setFont(class sf::Font const &)" (__imp_?setFont@Text@sf@@QEAAXAEBVFont@2@@Z)
BattleSystem.obj : error LNK2001: nierozpoznany symbol zewnętrzny "__declspec(dllimport) public: void __cdecl sf::Text::setFont(class sf::Font const &)" (__imp_?setFont@Text@sf@@QEAAXAEBVFont@2@@Z)
PlayerMenuActions.obj : error LNK2001: nierozpoznany symbol zewnętrzny "__declspec(dllimport) public: void __cdecl sf::Text::setFont(class sf::Font const &)" (__imp_?setFont@Text@sf@@QEAAXAEBVFont@2@@Z)
PlayerMenuBattleScene.obj : error LNK2001: nierozpoznany symbol zewnętrzny "__declspec(dllimport) public: void __cdecl sf::Text::setFont(class sf::Font const &)" (__imp_?setFont@Text@sf@@QEAAXAEBVFont@2@@Z)
PlayerMenuMoves.obj : error LNK2001: nierozpoznany symbol zewnętrzny "__declspec(dllimport) public: void __cdecl sf::Text::setFont(class sf::Font const &)" (__imp_?setFont@Text@sf@@QEAAXAEBVFont@2@@Z)
TextBoxBase.obj : error LNK2001: nierozpoznany symbol zewnętrzny "__declspec(dllimport) public: void __cdecl sf::Text::setCharacterSize(unsigned int)" (__imp_?setCharacterSize@Text@sf@@QEAAXI@Z)
GUI.obj : error LNK2001: nierozpoznany symbol zewnętrzny "__declspec(dllimport) public: void __cdecl sf::Text::setCharacterSize(unsigned int)" (__imp_?setCharacterSize@Text@sf@@QEAAXI@Z)
Player.obj : error LNK2001: nierozpoznany symbol zewnętrzny "__declspec(dllimport) public: void __cdecl sf::Text::setCharacterSize(unsigned int)" (__imp_?setCharacterSize@Text@sf@@QEAAXI@Z)
BattleSystem.obj : error LNK2001: nierozpoznany symbol zewnętrzny "__declspec(dllimport) public: void __cdecl sf::Text::setCharacterSize(unsigned int)" (__imp_?setCharacterSize@Text@sf@@QEAAXI@Z)
PlayerMenuActions.obj : error LNK2001: nierozpoznany symbol zewnętrzny "__declspec(dllimport) public: void __cdecl sf::Text::setCharacterSize(unsigned int)" (__imp_?setCharacterSize@Text@sf@@QEAAXI@Z)
PlayerMenuBattleScene.obj : error LNK2001: nierozpoznany symbol zewnętrzny "__declspec(dllimport) public: void __cdecl sf::Text::setCharacterSize(unsigned int)" (__imp_?setCharacterSize@Text@sf@@QEAAXI@Z)
PlayerMenuMoves.obj : error LNK2001: nierozpoznany symbol zewnętrzny "__declspec(dllimport) public: void __cdecl sf::Text::setCharacterSize(unsigned int)" (__imp_?setCharacterSize@Text@sf@@QEAAXI@Z)
GUI.obj : error LNK2001: nierozpoznany symbol zewnętrzny "__declspec(dllimport) public: void __cdecl sf::Text::setFillColor(class sf::Color const &)" (__imp_?setFillColor@Text@sf@@QEAAXAEBVColor@2@@Z)
Player.obj : error LNK2001: nierozpoznany symbol zewnętrzny "__declspec(dllimport) public: void __cdecl sf::Text::setFillColor(class sf::Color const &)" (__imp_?setFillColor@Text@sf@@QEAAXAEBVColor@2@@Z)
BattleSystem.obj : error LNK2001: nierozpoznany symbol zewnętrzny "__declspec(dllimport) public: void __cdecl sf::Text::setFillColor(class sf::Color const &)" (__imp_?setFillColor@Text@sf@@QEAAXAEBVColor@2@@Z)
PlayerMenuActions.obj : error LNK2001: nierozpoznany symbol zewnętrzny "__declspec(dllimport) public: void __cdecl sf::Text::setFillColor(class sf::Color const &)" (__imp_?setFillColor@Text@sf@@QEAAXAEBVColor@2@@Z)
PlayerMenuMoves.obj : error LNK2001: nierozpoznany symbol zewnętrzny "__declspec(dllimport) public: void __cdecl sf::Text::setFillColor(class sf::Color const &)" (__imp_?setFillColor@Text@sf@@QEAAXAEBVColor@2@@Z)
TextBoxBase.obj : error LNK2001: nierozpoznany symbol zewnętrzny "__declspec(dllimport) public: void __cdecl sf::Text::setFillColor(class sf::Color const &)" (__imp_?setFillColor@Text@sf@@QEAAXAEBVColor@2@@Z)
GUI.obj : error LNK2019: nierozpoznany symbol zewnętrzny "__declspec(dllimport) public: class sf::Rect<float> __cdecl sf::Text::getLocalBounds(void)const " (__imp_?getLocalBounds@Text@sf@@QEBA?AV?$Rect@M@2@XZ) przywołany w funkcji "void * __cdecl std::_Allocate_manually_vector_aligned<struct std::_Default_allocate_traits>(unsigned __int64)" (??$_Allocate_manually_vector_aligned@U_Default_allocate_traits@std@@@std@@YAPEAX_K@Z)
Player.obj : error LNK2001: nierozpoznany symbol zewnętrzny "__declspec(dllimport) public: class sf::Rect<float> __cdecl sf::Text::getLocalBounds(void)const " (__imp_?getLocalBounds@Text@sf@@QEBA?AV?$Rect@M@2@XZ)
BattleSystem.obj : error LNK2001: nierozpoznany symbol zewnętrzny "__declspec(dllimport) public: class sf::Rect<float> __cdecl sf::Text::getLocalBounds(void)const " (__imp_?getLocalBounds@Text@sf@@QEBA?AV?$Rect@M@2@XZ)
PlayerMenuActions.obj : error LNK2001: nierozpoznany symbol zewnętrzny "__declspec(dllimport) public: class sf::Rect<float> __cdecl sf::Text::getLocalBounds(void)const " (__imp_?getLocalBounds@Text@sf@@QEBA?AV?$Rect@M@2@XZ)
PlayerMenuBattleScene.obj : error LNK2001: nierozpoznany symbol zewnętrzny "__declspec(dllimport) public: class sf::Rect<float> __cdecl sf::Text::getLocalBounds(void)const " (__imp_?getLocalBounds@Text@sf@@QEBA?AV?$Rect@M@2@XZ)
PlayerMenuMoves.obj : error LNK2001: nierozpoznany symbol zewnętrzny "__declspec(dllimport) public: class sf::Rect<float> __cdecl sf::Text::getLocalBounds(void)const " (__imp_?getLocalBounds@Text@sf@@QEBA?AV?$Rect@M@2@XZ)
TextBoxBase.obj : error LNK2001: nierozpoznany symbol zewnętrzny "__declspec(dllimport) public: virtual __cdecl sf::Text::~Text(void)" (__imp_??1Text@sf@@UEAA@XZ)
GUI.obj : error LNK2001: nierozpoznany symbol zewnętrzny "__declspec(dllimport) public: virtual __cdecl sf::Text::~Text(void)" (__imp_??1Text@sf@@UEAA@XZ)
Player.obj : error LNK2001: nierozpoznany symbol zewnętrzny "__declspec(dllimport) public: virtual __cdecl sf::Text::~Text(void)" (__imp_??1Text@sf@@UEAA@XZ)
PlayerMenu.obj : error LNK2001: nierozpoznany symbol zewnętrzny "__declspec(dllimport) public: virtual __cdecl sf::Text::~Text(void)" (__imp_??1Text@sf@@UEAA@XZ)
BattleSystem.obj : error LNK2001: nierozpoznany symbol zewnętrzny "__declspec(dllimport) public: virtual __cdecl sf::Text::~Text(void)" (__imp_??1Text@sf@@UEAA@XZ)
PlayerMenuActions.obj : error LNK2001: nierozpoznany symbol zewnętrzny "__declspec(dllimport) public: virtual __cdecl sf::Text::~Text(void)" (__imp_??1Text@sf@@UEAA@XZ)
PlayerMenuBattleScene.obj : error LNK2001: nierozpoznany symbol zewnętrzny "__declspec(dllimport) public: virtual __cdecl sf::Text::~Text(void)" (__imp_??1Text@sf@@UEAA@XZ)
PlayerMenuMoves.obj : error LNK2001: nierozpoznany symbol zewnętrzny "__declspec(dllimport) public: virtual __cdecl sf::Text::~Text(void)" (__imp_??1Text@sf@@UEAA@XZ)
Player.obj : error LNK2001: nierozpoznany symbol zewnętrzny "__declspec(dllimport) public: static class sf::RenderStates const sf::RenderStates::Default" (__imp_?Default@RenderStates@sf@@2V12@B)
PlayerMenu.obj : error LNK2001: nierozpoznany symbol zewnętrzny "__declspec(dllimport) public: static class sf::RenderStates const sf::RenderStates::Default" (__imp_?Default@RenderStates@sf@@2V12@B)
BattleSystem.obj : error LNK2001: nierozpoznany symbol zewnętrzny "__declspec(dllimport) public: static class sf::RenderStates const sf::RenderStates::Default" (__imp_?Default@RenderStates@sf@@2V12@B)
PlayerMenuBattleScene.obj : error LNK2001: nierozpoznany symbol zewnętrzny "__declspec(dllimport) public: static class sf::RenderStates const sf::RenderStates::Default" (__imp_?Default@RenderStates@sf@@2V12@B)
TextBoxBase.obj : error LNK2001: nierozpoznany symbol zewnętrzny "__declspec(dllimport) public: static class sf::RenderStates const sf::RenderStates::Default" (__imp_?Default@RenderStates@sf@@2V12@B)
GUI.obj : error LNK2001: nierozpoznany symbol zewnętrzny "__declspec(dllimport) public: static class sf::RenderStates const sf::RenderStates::Default" (__imp_?Default@RenderStates@sf@@2V12@B)
TextBoxBase.obj : error LNK2001: nierozpoznany symbol zewnętrzny "__declspec(dllimport) public: static class sf::Color const sf::Color::Black" (__imp_?Black@Color@sf@@2V12@B)
GUI.obj : error LNK2001: nierozpoznany symbol zewnętrzny "__declspec(dllimport) public: static class sf::Color const sf::Color::Black" (__imp_?Black@Color@sf@@2V12@B)
Player.obj : error LNK2001: nierozpoznany symbol zewnętrzny "__declspec(dllimport) public: static class sf::Color const sf::Color::Black" (__imp_?Black@Color@sf@@2V12@B)
BattleSystem.obj : error LNK2001: nierozpoznany symbol zewnętrzny "__declspec(dllimport) public: static class sf::Color const sf::Color::Black" (__imp_?Black@Color@sf@@2V12@B)
PlayerMenuActions.obj : error LNK2001: nierozpoznany symbol zewnętrzny "__declspec(dllimport) public: static class sf::Color const sf::Color::Black" (__imp_?Black@Color@sf@@2V12@B)
PlayerMenuBattleScene.obj : error LNK2001: nierozpoznany symbol zewnętrzny "__declspec(dllimport) public: static class sf::Color const sf::Color::Black" (__imp_?Black@Color@sf@@2V12@B)
PlayerMenuMoves.obj : error LNK2001: nierozpoznany symbol zewnętrzny "__declspec(dllimport) public: static class sf::Color const sf::Color::Black" (__imp_?Black@Color@sf@@2V12@B)
PlayerMenuActions.obj : error LNK2019: nierozpoznany symbol zewnętrzny "__declspec(dllimport) public: __cdecl sf::String::String(char const *,class std::locale const &)" (__imp_??0String@sf@@QEAA@PEBDAEBVlocale@std@@@Z) przywołany w funkcji "public: __cdecl PlayerMenuActions::PlayerMenuActions(int,int,int,class Player &)" (??0PlayerMenuActions@@QEAA@HHHAEAVPlayer@@@Z)
TextBoxBase.obj : error LNK2001: nierozpoznany symbol zewnętrzny "__declspec(dllimport) public: __cdecl sf::String::String(char const *,class std::locale const &)" (__imp_??0String@sf@@QEAA@PEBDAEBVlocale@std@@@Z)
GUI.obj : error LNK2001: nierozpoznany symbol zewnętrzny "__declspec(dllimport) public: __cdecl sf::String::String(char const *,class std::locale const &)" (__imp_??0String@sf@@QEAA@PEBDAEBVlocale@std@@@Z)
PlayerMenuActions.obj : error LNK2019: nierozpoznany symbol zewnętrzny "__declspec(dllimport) public: void __cdecl sf::Shape::setOutlineColor(class sf::Color const &)" (__imp_?setOutlineColor@Shape@sf@@QEAAXAEBVColor@2@@Z) przywołany w funkcji "public: void __cdecl PlayerMenuActions::activate(int)" (?activate@PlayerMenuActions@@QEAAXH@Z)
PlayerMenuBattleScene.obj : error LNK2001: nierozpoznany symbol zewnętrzny "__declspec(dllimport) public: void __cdecl sf::Shape::setOutlineColor(class sf::Color const &)" (__imp_?setOutlineColor@Shape@sf@@QEAAXAEBVColor@2@@Z)
PlayerMenuMoves.obj : error LNK2001: nierozpoznany symbol zewnętrzny "__declspec(dllimport) public: void __cdecl sf::Shape::setOutlineColor(class sf::Color const &)" (__imp_?setOutlineColor@Shape@sf@@QEAAXAEBVColor@2@@Z)
TextBoxBase.obj : error LNK2001: nierozpoznany symbol zewnętrzny "__declspec(dllimport) public: void __cdecl sf::Shape::setOutlineColor(class sf::Color const &)" (__imp_?setOutlineColor@Shape@sf@@QEAAXAEBVColor@2@@Z)
PlayerMenuActions.obj : error LNK2019: nierozpoznany symbol zewnętrzny "__declspec(dllimport) public: void __cdecl sf::Shape::setOutlineThickness(float)" (__imp_?setOutlineThickness@Shape@sf@@QEAAXM@Z) przywołany w funkcji "public: void __cdecl PlayerMenuActions::activate(int)" (?activate@PlayerMenuActions@@QEAAXH@Z)
PlayerMenuBattleScene.obj : error LNK2001: nierozpoznany symbol zewnętrzny "__declspec(dllimport) public: void __cdecl sf::Shape::setOutlineThickness(float)" (__imp_?setOutlineThickness@Shape@sf@@QEAAXM@Z)
PlayerMenuMoves.obj : error LNK2001: nierozpoznany symbol zewnętrzny "__declspec(dllimport) public: void __cdecl sf::Shape::setOutlineThickness(float)" (__imp_?setOutlineThickness@Shape@sf@@QEAAXM@Z)
TextBoxBase.obj : error LNK2001: nierozpoznany symbol zewnętrzny "__declspec(dllimport) public: void __cdecl sf::Shape::setOutlineThickness(float)" (__imp_?setOutlineThickness@Shape@sf@@QEAAXM@Z)
PlayerMenuActions.obj : error LNK2019: nierozpoznany symbol zewnętrzny "__declspec(dllimport) public: class sf::RectangleShape & __cdecl sf::RectangleShape::operator=(class sf::RectangleShape const &)" (__imp_??4RectangleShape@sf@@QEAAAEAV01@AEBV01@@Z) przywołany w funkcji "public: __cdecl PlayerMenuActions::PlayerMenuActions(int,int,int,class Player &)" (??0PlayerMenuActions@@QEAA@HHHAEAVPlayer@@@Z)
PlayerMenuBattleScene.obj : error LNK2001: nierozpoznany symbol zewnętrzny "__declspec(dllimport) public: class sf::RectangleShape & __cdecl sf::RectangleShape::operator=(class sf::RectangleShape const &)" (__imp_??4RectangleShape@sf@@QEAAAEAV01@AEBV01@@Z)
PlayerMenuMoves.obj : error LNK2001: nierozpoznany symbol zewnętrzny "__declspec(dllimport) public: class sf::RectangleShape & __cdecl sf::RectangleShape::operator=(class sf::RectangleShape const &)" (__imp_??4RectangleShape@sf@@QEAAAEAV01@AEBV01@@Z)
PlayerMenuActions.obj : error LNK2019: nierozpoznany symbol zewnętrzny "__declspec(dllimport) public: class sf::Text & __cdecl sf::Text::operator=(class sf::Text const &)" (__imp_??4Text@sf@@QEAAAEAV01@AEBV01@@Z) przywołany w funkcji "public: __cdecl PlayerMenuActions::PlayerMenuActions(int,int,int,class Player &)" (??0PlayerMenuActions@@QEAA@HHHAEAVPlayer@@@Z)
PlayerMenuBattleScene.obj : error LNK2001: nierozpoznany symbol zewnętrzny "__declspec(dllimport) public: class sf::Text & __cdecl sf::Text::operator=(class sf::Text const &)" (__imp_??4Text@sf@@QEAAAEAV01@AEBV01@@Z)
PlayerMenuMoves.obj : error LNK2001: nierozpoznany symbol zewnętrzny "__declspec(dllimport) public: class sf::Text & __cdecl sf::Text::operator=(class sf::Text const &)" (__imp_??4Text@sf@@QEAAAEAV01@AEBV01@@Z)
TextBoxBase.obj : error LNK2019: nierozpoznany symbol zewnętrzny "__declspec(dllimport) public: __cdecl sf::Font::Font(void)" (__imp_??0Font@sf@@QEAA@XZ) przywołany w funkcji "protected: __cdecl TextBoxBase::TextBoxBase(class std::basic_string<char,struct std::char_traits<char>,class std::allocator<char> > const &,class sf::Font const &,double,double,double,double)" (??0TextBoxBase@@IEAA@AEBV?$basic_string@DU?$char_traits@D@std@@V?$allocator@D@2@@std@@AEBVFont@sf@@NNNN@Z)
GUI.obj : error LNK2001: nierozpoznany symbol zewnętrzny "__declspec(dllimport) public: __cdecl sf::Font::Font(void)" (__imp_??0Font@sf@@QEAA@XZ)
TextBoxBase.obj : error LNK2019: nierozpoznany symbol zewnętrzny "__declspec(dllimport) public: static class sf::Color const sf::Color::White" (__imp_?White@Color@sf@@2V12@B) przywołany w funkcji "public: void __cdecl TextBoxBase::markFainted(void)" (?markFainted@TextBoxBase@@QEAAXXZ)
TextBoxBase.obj : error LNK2019: nierozpoznany symbol zewnętrzny "__declspec(dllimport) public: static class sf::Color const sf::Color::Red" (__imp_?Red@Color@sf@@2V12@B) przywołany w funkcji "public: void __cdecl TextBoxBase::markFainted(void)" (?markFainted@TextBoxBase@@QEAAXXZ)
GUI.obj : error LNK2019: nierozpoznany symbol zewnętrzny "__declspec(dllimport) public: __cdecl sf::VideoMode::VideoMode(unsigned int,unsigned int,unsigned int)" (__imp_??0VideoMode@sf@@QEAA@III@Z) przywołany w funkcji "public: __cdecl GUI::GUI(void)" (??0GUI@@QEAA@XZ)
GUI.obj : error LNK2019: nierozpoznany symbol zewnętrzny "__declspec(dllimport) public: void __cdecl sf::Window::create(class sf::VideoMode,class sf::String const &,unsigned int,struct sf::ContextSettings const &)" (__imp_?create@Window@sf@@QEAAXVVideoMode@2@AEBVString@2@IAEBUContextSettings@2@@Z) przywołany w funkcji "public: __cdecl GUI::GUI(void)" (??0GUI@@QEAA@XZ)
GUI.obj : error LNK2019: nierozpoznany symbol zewnętrzny "__declspec(dllimport) public: void __cdecl sf::Window::setFramerateLimit(unsigned int)" (__imp_?setFramerateLimit@Window@sf@@QEAAXI@Z) przywołany w funkcji "public: __cdecl GUI::GUI(void)" (??0GUI@@QEAA@XZ)
GUI.obj : error LNK2019: nierozpoznany symbol zewnętrzny "__declspec(dllimport) public: bool __cdecl sf::Font::loadFromFile(class std::basic_string<char,struct std::char_traits<char>,class std::allocator<char> > const &)" (__imp_?loadFromFile@Font@sf@@QEAA_NAEBV?$basic_string@DU?$char_traits@D@std@@V?$allocator@D@2@@std@@@Z) przywołany w funkcji "public: void __cdecl GUI::readFont(void)" (?readFont@GUI@@QEAAXXZ)
GUI.obj : error LNK2019: nierozpoznany symbol zewnętrzny "__declspec(dllimport) public: __cdecl sf::RenderWindow::RenderWindow(void)" (__imp_??0RenderWindow@sf@@QEAA@XZ) przywołany w funkcji "public: __cdecl GUI::GUI(void)" (??0GUI@@QEAA@XZ)
Player.obj : error LNK2019: nierozpoznany symbol zewnętrzny "__declspec(dllimport) public: class sf::Color const & __cdecl sf::Shape::getFillColor(void)const " (__imp_?getFillColor@Shape@sf@@QEBAAEBVColor@2@XZ) przywołany w funkcji "public: int __cdecl Player::chooseAction(int,class PlayerMenuBattleScene &)" (?chooseAction@Player@@QEAAHHAEAVPlayerMenuBattleScene@@@Z)
C:\Users\Michał\Documents\Biblioteki\SFML-2.5.1\lib\sfml-system-d.lib : warning LNK4272: wystąpił konflikt typu maszyny biblioteki „x86” z typem maszyny docelowej „x64”
C:\Users\Michał\Documents\Biblioteki\SFML-2.5.1\lib\sfml-window-d.lib : warning LNK4272: wystąpił konflikt typu maszyny biblioteki „x86” z typem maszyny docelowej „x64”
C:\Users\Michał\Documents\Biblioteki\SFML-2.5.1\lib\sfml-graphics-d.lib : warning LNK4272: wystąpił konflikt typu maszyny biblioteki „x86” z typem maszyny docelowej „x64”
C:\Users\Michał\Documents\Biblioteki\SFML-2.5.1\lib\sfml-network-d.lib : warning LNK4272: wystąpił konflikt typu maszyny biblioteki „x86” z typem maszyny docelowej „x64”
C:\Users\Michał\Documents\Biblioteki\SFML-2.5.1\lib\sfml-audio-d.lib : warning LNK4272: wystąpił konflikt typu maszyny biblioteki „x86” z typem maszyny docelowej „x64”
C:\Users\Michał\Projekty\ProjektPK4 — kopia — kopia\x64\Debug\ProjektPK4.exe : fatal error LNK1120: liczba nierozpoznanych elementów zewnętrznych: 47
